<?xml version="1.0" encoding="UTF-8"?>
<testsuite xmlns:xsi="http://www.w3.org/2001/XMLSchema-instance" xsi:noNamespaceSchemaLocation="https://maven.apache.org/surefire/maven-surefire-plugin/xsd/surefire-test-report.xsd" name="com.g2.gromed.service.PresentationServiceTest" time="0.959" tests="3" errors="0" skipped="0" failures="0">
  <properties>
[...]
</properties>
  <testcase name="getAllPresentations" classname="com.g2.gromed.service.PresentationServiceTest" time="0.005"/>
  <testcase name="getDetailPresentationNotFound" classname="com.g2.gromed.service.PresentationServiceTest" time="0.003"/>
  <testcase name="getDetailPresentation" classname="com.g2.gromed.service.PresentationServiceTest" time="0.008"/>
</testsuite>